<?xml version="1.0" encoding="UTF-8"?>
<!-- Generated by org.testng.reporters.JUnitReportReporter -->
<testsuite hostname="DESKTOP-U2QV9TM" failures="0" tests="2" name="TestNg.PraticeTest2" time="0.003" errors="0" timestamp="2023-01-27T11:20:36 IST" skipped="0">
  <testcase classname="TestNg.PraticeTest2" name="test1" time="0.001"/>
  <system-out/>
  <testcase classname="TestNg.PraticeTest2" name="test1" time="0.002"/>
  <system-out/>
</testsuite> <!-- TestNg.PraticeTest2 -->
