<?xml version="1.0" encoding="UTF-8"?>
<!-- Generated by org.testng.reporters.JUnitReportReporter -->
<testsuite hostname="DESKTOP-U2QV9TM" failures="0" tests="1" name="Assertions.Test1" time="0.012" errors="0" timestamp="2023-02-14T09:14:01 IST" skipped="0">
  <testcase classname="Assertions.Test1" name="demotest" time="0.012"/>
  <system-out/>
</testsuite> <!-- Assertions.Test1 -->
