<?xml version="1.0" encoding="UTF-8"?>
<!-- Generated by org.testng.reporters.JUnitReportReporter -->
<testsuite hostname="DESKTOP-U2QV9TM" failures="0" tests="2" name="TestNg.PraticeTestNg" time="0.009" errors="0" timestamp="2023-01-27T11:20:36 IST" skipped="0">
  <testcase classname="TestNg.PraticeTestNg" name="testB" time="0.008"/>
  <system-out/>
  <testcase classname="TestNg.PraticeTestNg" name="testB" time="0.001"/>
  <system-out/>
</testsuite> <!-- TestNg.PraticeTestNg -->
